Using pre-set license
Built from '2021.3/staging' branch; Version is '2021.3.3f1 (af2e63e8f9bd) revision 11480675'; Using compiler version '192829333'; Build Type 'Release'
OS: 'Windows 11  (10.0.22000) 64bit Professional' Language: 'en' Physical Memory: 16088 MB
BatchMode: 1, IsHumanControllingUs: 0, StartBugReporterOnCrash: 0, Is64bit: 1, IsPro: 1

COMMAND LINE ARGUMENTS:
C:\Program Files\Unity\Hub\Editor\2021.3.3f1\Editor\Unity.exe
-adb2
-batchMode
-noUpm
-name
AssetImportWorker0
-projectPath
C:/Users/Taylor/Documents/Meta John
-logFile
Logs/AssetImportWorker0.log
-srvPort
59631
Successfully changed project path to: C:/Users/Taylor/Documents/Meta John
C:/Users/Taylor/Documents/Meta John
[UnityMemory] Configuration Parameters - Can be set up in boot.config
    "memorysetup-bucket-allocator-granularity=16"
    "memorysetup-bucket-allocator-bucket-count=8"
    "memorysetup-bucket-allocator-block-size=33554432"
    "memorysetup-bucket-allocator-block-count=8"
    "memorysetup-main-allocator-block-size=16777216"
    "memorysetup-thread-allocator-block-size=16777216"
    "memorysetup-gfx-main-allocator-block-size=16777216"
    "memorysetup-gfx-thread-allocator-block-size=16777216"
    "memorysetup-cache-allocator-block-size=4194304"
    "memorysetup-typetree-allocator-block-size=2097152"
    "memorysetup-profiler-bucket-allocator-granularity=16"
    "memorysetup-profiler-bucket-allocator-bucket-count=8"
    "memorysetup-profiler-bucket-allocator-block-size=33554432"
    "memorysetup-profiler-bucket-allocator-block-count=8"
    "memorysetup-profiler-allocator-block-size=16777216"
    "memorysetup-profiler-editor-allocator-block-size=1048576"
    "memorysetup-temp-allocator-size-main=16777216"
    "memorysetup-job-temp-allocator-block-size=2097152"
    "memorysetup-job-temp-allocator-block-size-background=1048576"
    "memorysetup-job-temp-allocator-reduction-small-platforms=262144"
    "memorysetup-temp-allocator-size-background-worker=32768"
    "memorysetup-temp-allocator-size-job-worker=262144"
    "memorysetup-temp-allocator-size-preload-manager=33554432"
    "memorysetup-temp-allocator-size-nav-mesh-worker=65536"
    "memorysetup-temp-allocator-size-audio-worker=65536"
    "memorysetup-temp-allocator-size-cloud-worker=32768"
    "memorysetup-temp-allocator-size-gi-baking-worker=262144"
    "memorysetup-temp-allocator-size-gfx=262144"
Refreshing native plugins compatible for Editor in 166.82 ms, found 3 plugins.
Preloading 0 native plugins for Editor in 0.00 ms.
Initialize engine version: 2021.3.3f1 (af2e63e8f9bd)
[Subsystems] Discovering subsystems at path C:/Program Files/Unity/Hub/Editor/2021.3.3f1/Editor/Data/Resources/UnitySubsystems
[Subsystems] Discovering subsystems at path C:/Users/Taylor/Documents/Meta John/Assets
GfxDevice: creating device client; threaded=0; jobified=0
Direct3D:
    Version:  Direct3D 11.0 [level 11.1]
    Renderer: NVIDIA Quadro T1000 (ID=0x1fb9)
    Vendor:   NVIDIA
    VRAM:     3965 MB
    Driver:   30.0.15.1169
Initialize mono
Mono path[0] = 'C:/Program Files/Unity/Hub/Editor/2021.3.3f1/Editor/Data/Managed'
Mono path[1] = 'C:/Program Files/Unity/Hub/Editor/2021.3.3f1/Editor/Data/MonoBleedingEdge/lib/mono/unityjit-win32'
Mono config path = 'C:/Program Files/Unity/Hub/Editor/2021.3.3f1/Editor/Data/MonoBleedingEdge/etc'
Using monoOptions --debugger-agent=transport=dt_socket,embedding=1,server=y,suspend=n,address=127.0.0.1:56128
Begin MonoManager ReloadAssembly
Registering precompiled unity dll's ...
Register platform support module: C:/Program Files/Unity/Hub/Editor/2021.3.3f1/Editor/Data/PlaybackEngines/WebGLSupport/UnityEditor.WebGL.Extensions.dll
Register platform support module: C:/Program Files/Unity/Hub/Editor/2021.3.3f1/Editor/Data/PlaybackEngines/WindowsStandaloneSupport/UnityEditor.WindowsStandalone.Extensions.dll
Registered in 0.012910 seconds.
Native extension for WindowsStandalone target not found
Native extension for WebGL target not found
Refreshing native plugins compatible for Editor in 101.89 ms, found 3 plugins.
Preloading 0 native plugins for Editor in 0.00 ms.
Mono: successfully reloaded assembly
- Completed reload, in  1.021 seconds
Domain Reload Profiling:
	ReloadAssembly (1022ms)
		BeginReloadAssembly (147ms)
			ExecutionOrderSort (0ms)
			DisableScriptedObjects (0ms)
			BackupInstance (0ms)
			ReleaseScriptingObjects (0ms)
			CreateAndSetChildDomain (1ms)
		EndReloadAssembly (672ms)
			LoadAssemblies (144ms)
			RebuildTransferFunctionScriptingTraits (0ms)
			SetupTypeCache (159ms)
			ReleaseScriptCaches (0ms)
			RebuildScriptCaches (39ms)
			SetupLoadedEditorAssemblies (402ms)
				LogAssemblyErrors (0ms)
				InitializePlatformSupportModulesInManaged (16ms)
				SetLoadedEditorAssemblies (0ms)
				RefreshPlugins (102ms)
				BeforeProcessingInitializeOnLoad (1ms)
				ProcessInitializeOnLoadAttributes (206ms)
				ProcessInitializeOnLoadMethodAttributes (76ms)
				AfterProcessingInitializeOnLoad (0ms)
				EditorAssembliesLoaded (0ms)
			ExecutionOrderSort2 (0ms)
			AwakeInstancesAfterBackupRestoration (0ms)
Platform modules already initialized, skipping
Registering precompiled user dll's ...
Registered in 0.014700 seconds.
Begin MonoManager ReloadAssembly
Symbol file LoadedFromMemory doesn't match image C:\Users\Taylor\Documents\Meta John\Library\PackageCache\com.unity.visualscripting@1.7.6\Editor\VisualScripting.Core\Dependencies\YamlDotNet\Unity.VisualScripting.YamlDotNet.dll
Symbol file LoadedFromMemory doesn't match image C:\Users\Taylor\Documents\Meta John\Library\PackageCache\com.unity.visualscripting@1.7.6\Editor\VisualScripting.Core\Dependencies\DotNetZip\Unity.VisualScripting.IonicZip.dll
Native extension for WindowsStandalone target not found
Native extension for WebGL target not found
Refreshing native plugins compatible for Editor in 0.53 ms, found 3 plugins.
Preloading 0 native plugins for Editor in 0.00 ms.
Mono: successfully reloaded assembly
- Completed reload, in  1.698 seconds
Domain Reload Profiling:
	ReloadAssembly (1700ms)
		BeginReloadAssembly (335ms)
			ExecutionOrderSort (0ms)
			DisableScriptedObjects (11ms)
			BackupInstance (0ms)
			ReleaseScriptingObjects (0ms)
			CreateAndSetChildDomain (72ms)
		EndReloadAssembly (1187ms)
			LoadAssemblies (210ms)
			RebuildTransferFunctionScriptingTraits (0ms)
			SetupTypeCache (361ms)
			ReleaseScriptCaches (1ms)
			RebuildScriptCaches (69ms)
			SetupLoadedEditorAssemblies (547ms)
				LogAssemblyErrors (0ms)
				InitializePlatformSupportModulesInManaged (11ms)
				SetLoadedEditorAssemblies (0ms)
				RefreshPlugins (1ms)
				BeforeProcessingInitializeOnLoad (123ms)
				ProcessInitializeOnLoadAttributes (363ms)
				ProcessInitializeOnLoadMethodAttributes (38ms)
				AfterProcessingInitializeOnLoad (11ms)
				EditorAssembliesLoaded (0ms)
			ExecutionOrderSort2 (0ms)
			AwakeInstancesAfterBackupRestoration (16ms)
Platform modules already initialized, skipping
========================================================================
Worker process is ready to serve import requests
Launched and connected shader compiler UnityShaderCompiler.exe after 0.13 seconds
Refreshing native plugins compatible for Editor in 0.94 ms, found 3 plugins.
Preloading 0 native plugins for Editor in 0.00 ms.
Unloading 3360 Unused Serialized files (Serialized files now loaded: 0)
Unloading 26 unused Assets / (112.1 KB). Loaded Objects now: 3817.
Memory consumption went from 115.7 MB to 115.5 MB.
Total: 8.314300 ms (FindLiveObjects: 0.788600 ms CreateObjectMapping: 0.603000 ms MarkObjects: 6.801700 ms  DeleteObjects: 0.119200 ms)

AssetImportParameters requested are different than current active one (requested -> active):
  custom:video-decoder-ogg-theora: a1e56fd34408186e4bbccfd4996cb3dc -> 
  custom:container-muxer-webm: aa71ff27fc2769a1b78a27578f13a17b -> 
  custom:container-demuxer-webm: 4f35f7cbe854078d1ac9338744f61a02 -> 
  custom:video-encoder-webm-vp8: eb34c28f22e8b96e1ab97ce403110664 -> 
  custom:video-codec-MediaFoundation-h265: 746d11721c4dcdbdad8f713fa42b33f4 -> 
  custom:audio-encoder-webm-vorbis: bf7c407c2cedff20999df2af8eb42d56 -> 
  custom:framework-win-MediaFoundation: 216162199b28c13a410421893ffa2e32 -> 
  custom:container-demuxer-ogg: 62fdf1f143b41e24485cea50d1cbac27 -> 
  custom:video-decoder-webm-vp8: 9c59270c3fd7afecdb556c50c9e8de78 -> 
  custom:audio-decoder-ogg-vorbis: bf7c407c2cedff20999df2af8eb42d56 -> 
========================================================================
Received Import Request.
  Time since last request: 32346.510679 seconds.
  path: Packages/com.unity.ide.rider/Rider
  artifactKey: Guid(9129183a42052cd43b9c284d6dbd541e) Importer(815301076,1909f56bfc062723c751e8b465ee728b)
Start importing Packages/com.unity.ide.rider/Rider using Guid(9129183a42052cd43b9c284d6dbd541e) Importer(815301076,1909f56bfc062723c751e8b465ee728b)  -> (artifact id: 'f1a5457c41b6c362426ccad43303c74b') in 0.010782 seconds 
========================================================================
Received Import Request.
  Time since last request: 0.000030 seconds.
  path: Packages/com.unity.ide.rider/package.json
  artifactKey: Guid(66c95bb3c74257f41bae2622511dc02d) Importer(815301076,1909f56bfc062723c751e8b465ee728b)
Start importing Packages/com.unity.ide.rider/package.json using Guid(66c95bb3c74257f41bae2622511dc02d) Importer(815301076,1909f56bfc062723c751e8b465ee728b)  -> (artifact id: '50ce222370ea608aa42630e13250f7dc') in 0.091881 seconds 
========================================================================
Received Import Request.
  Time since last request: 4.232755 seconds.
  path: Packages/com.unity.ugui/package.json
  artifactKey: Guid(319b8889f363f5947acf209c17a94149) Importer(815301076,1909f56bfc062723c751e8b465ee728b)
Start importing Packages/com.unity.ugui/package.json using Guid(319b8889f363f5947acf209c17a94149) Importer(815301076,1909f56bfc062723c751e8b465ee728b)  -> (artifact id: '1002360e272cf591a214daa5cb5c75f8') in 0.002947 seconds 
========================================================================
Received Import Request.
  Time since last request: 0.357916 seconds.
  path: Packages/com.unity.collab-proxy/package.json
  artifactKey: Guid(743fda8c4b219c8429fb5a77ede1c879) Importer(815301076,1909f56bfc062723c751e8b465ee728b)
Start importing Packages/com.unity.collab-proxy/package.json using Guid(743fda8c4b219c8429fb5a77ede1c879) Importer(815301076,1909f56bfc062723c751e8b465ee728b)  -> (artifact id: 'ecbdcf9a81bce7e0287287da5b7e22ae') in 0.003354 seconds 
========================================================================
Received Import Request.
  Time since last request: 0.432487 seconds.
  path: Packages/com.unity.visualscripting/package.json
  artifactKey: Guid(545a9d2bc7370224f8d14c22f2f580e0) Importer(815301076,1909f56bfc062723c751e8b465ee728b)
Start importing Packages/com.unity.visualscripting/package.json using Guid(545a9d2bc7370224f8d14c22f2f580e0) Importer(815301076,1909f56bfc062723c751e8b465ee728b)  -> (artifact id: 'f0a44ffdf6f5ef780c07aaaa0eb6638a') in 0.004105 seconds 
========================================================================
Received Import Request.
  Time since last request: 0.355497 seconds.
  path: Packages/com.unity.ide.vscode/package.json
  artifactKey: Guid(ffc6271f08270b64ca0aae9c49235d81) Importer(815301076,1909f56bfc062723c751e8b465ee728b)
Start importing Packages/com.unity.ide.vscode/package.json using Guid(ffc6271f08270b64ca0aae9c49235d81) Importer(815301076,1909f56bfc062723c751e8b465ee728b)  -> (artifact id: '9797d3eb575af519a91cff9ea5b73f84') in 0.002826 seconds 
========================================================================
Received Import Request.
  Time since last request: 0.990783 seconds.
  path: Packages/com.unity.ide.visualstudio/package.json
  artifactKey: Guid(656f74f6edaa396458412b9e3903d8cd) Importer(815301076,1909f56bfc062723c751e8b465ee728b)
Start importing Packages/com.unity.ide.visualstudio/package.json using Guid(656f74f6edaa396458412b9e3903d8cd) Importer(815301076,1909f56bfc062723c751e8b465ee728b)  -> (artifact id: 'cb4c6da8bdd016a5626124d1fa9de549') in 0.002705 seconds 
========================================================================
Received Import Request.
  Time since last request: 5.510111 seconds.
  path: Packages/com.unity.nuget.newtonsoft-json/package.json
  artifactKey: Guid(f8d4e5c2f2df25449ae8c391afbe5114) Importer(815301076,1909f56bfc062723c751e8b465ee728b)
Start importing Packages/com.unity.nuget.newtonsoft-json/package.json using Guid(f8d4e5c2f2df25449ae8c391afbe5114) Importer(815301076,1909f56bfc062723c751e8b465ee728b)  -> (artifact id: 'e0c218fbffcdcb093e7ceeada5090097') in 0.002868 seconds 
========================================================================
Received Import Request.
  Time since last request: 8.708492 seconds.
  path: Assets
  artifactKey: Guid(00000000000000001000000000000000) Importer(815301076,1909f56bfc062723c751e8b465ee728b)
Start importing Assets using Guid(00000000000000001000000000000000) Importer(815301076,1909f56bfc062723c751e8b465ee728b)  -> (artifact id: '79842766b460edbeab6a34051e857a80') in 0.004531 seconds 
========================================================================
Received Import Request.
  Time since last request: 13.882452 seconds.
  path: Assets/Scripts
  artifactKey: Guid(ef336e2477b292e479ead23402aa502e) Importer(815301076,1909f56bfc062723c751e8b465ee728b)
Start importing Assets/Scripts using Guid(ef336e2477b292e479ead23402aa502e) Importer(815301076,1909f56bfc062723c751e8b465ee728b)  -> (artifact id: 'e74b0a0efa885a5effc1a632889a9a44') in 0.008285 seconds 
========================================================================
Received Import Request.
  Time since last request: 4.414170 seconds.
  path: Assets/Scripts/New Folder
  artifactKey: Guid(2fb9b67a2d37a8a4892719ce2f82fa09) Importer(815301076,1909f56bfc062723c751e8b465ee728b)
Start importing Assets/Scripts/New Folder using Guid(2fb9b67a2d37a8a4892719ce2f82fa09) Importer(815301076,1909f56bfc062723c751e8b465ee728b)  -> (artifact id: '215649d4e1367f6d175c45517772b63a') in 0.012974 seconds 
========================================================================
Received Import Request.
  Time since last request: 5.817136 seconds.
  path: Assets/Scripts/Movement
  artifactKey: Guid(2fb9b67a2d37a8a4892719ce2f82fa09) Importer(815301076,1909f56bfc062723c751e8b465ee728b)
Start importing Assets/Scripts/Movement using Guid(2fb9b67a2d37a8a4892719ce2f82fa09) Importer(815301076,1909f56bfc062723c751e8b465ee728b)  -> (artifact id: '020dd255f20f92232ebe7526581f8e16') in 0.006227 seconds 
========================================================================
Received Import Request.
  Time since last request: 5.156716 seconds.
  path: Assets/Scripts/Movement/New Folder
  artifactKey: Guid(565e0f808d4703244a28bf4c4d94744a) Importer(815301076,1909f56bfc062723c751e8b465ee728b)
Start importing Assets/Scripts/Movement/New Folder using Guid(565e0f808d4703244a28bf4c4d94744a) Importer(815301076,1909f56bfc062723c751e8b465ee728b)  -> (artifact id: '2e99bd248cf2e144c041be11aff9eb3c') in 0.002946 seconds 
========================================================================
Received Import Request.
  Time since last request: 7.870450 seconds.
  path: Assets/Scripts/Camera
  artifactKey: Guid(0894b0fe14f86ea499bed926a3f57ebf) Importer(815301076,1909f56bfc062723c751e8b465ee728b)
Start importing Assets/Scripts/Camera using Guid(0894b0fe14f86ea499bed926a3f57ebf) Importer(815301076,1909f56bfc062723c751e8b465ee728b)  -> (artifact id: 'd46d5a96deaba6fa0fe80ed1d43c2b40') in 0.005738 seconds 
========================================================================
Received Import Request.
  Time since last request: 4.195410 seconds.
  path: Assets/Scripts/Camera/New Folder
  artifactKey: Guid(a651d8362e8fd844faaffe346f758a87) Importer(815301076,1909f56bfc062723c751e8b465ee728b)
Start importing Assets/Scripts/Camera/New Folder using Guid(a651d8362e8fd844faaffe346f758a87) Importer(815301076,1909f56bfc062723c751e8b465ee728b)  -> (artifact id: '2f58786104461561c4dfc4a37c8d830d') in 0.002947 seconds 
========================================================================
Received Import Request.
  Time since last request: 22.556186 seconds.
  path: Assets/Scripts/Dialogue
  artifactKey: Guid(c32be0d6f1683e04fbf135c4e21e2187) Importer(815301076,1909f56bfc062723c751e8b465ee728b)
Start importing Assets/Scripts/Dialogue using Guid(c32be0d6f1683e04fbf135c4e21e2187) Importer(815301076,1909f56bfc062723c751e8b465ee728b)  -> (artifact id: '99f6e70466deff1f99c28f0e5b6a405e') in 0.006126 seconds 
========================================================================
Received Import Request.
  Time since last request: 5.574952 seconds.
  path: Assets/Scripts/UI
  artifactKey: Guid(2137edc55dd928f479eedb085a35f591) Importer(815301076,1909f56bfc062723c751e8b465ee728b)
Start importing Assets/Scripts/UI using Guid(2137edc55dd928f479eedb085a35f591) Importer(815301076,1909f56bfc062723c751e8b465ee728b)  -> (artifact id: '2c11a01c95f6d94a31cfd4b72e00d65c') in 0.004345 seconds 
========================================================================
Received Import Request.
  Time since last request: 35.587067 seconds.
  path: Assets/Scripts/Shaders
  artifactKey: Guid(c42fc9a1f9f714749a0e722f1e4bc84f) Importer(815301076,1909f56bfc062723c751e8b465ee728b)
Start importing Assets/Scripts/Shaders using Guid(c42fc9a1f9f714749a0e722f1e4bc84f) Importer(815301076,1909f56bfc062723c751e8b465ee728b)  -> (artifact id: 'bc9775a154762076af056324d2bad1f3') in 0.004843 seconds 
========================================================================
Received Import Request.
  Time since last request: 7.416039 seconds.
  path: Assets/Sprites
  artifactKey: Guid(ae65a21fef611044a81d60a276c52c70) Importer(815301076,1909f56bfc062723c751e8b465ee728b)
Start importing Assets/Sprites using Guid(ae65a21fef611044a81d60a276c52c70) Importer(815301076,1909f56bfc062723c751e8b465ee728b)  -> (artifact id: 'a56c7ee9e5599fa028ccd3f067381ade') in 0.004292 seconds 
========================================================================
Received Import Request.
  Time since last request: 7.967716 seconds.
  path: Assets/Sprites/Animations
  artifactKey: Guid(9d9c4526e4b679b49a0a2874f9ba6cf7) Importer(815301076,1909f56bfc062723c751e8b465ee728b)
Start importing Assets/Sprites/Animations using Guid(9d9c4526e4b679b49a0a2874f9ba6cf7) Importer(815301076,1909f56bfc062723c751e8b465ee728b)  -> (artifact id: '8810852b5216c370b7e9f47219a7aa9d') in 0.003595 seconds 
========================================================================
Received Import Request.
  Time since last request: 6.655682 seconds.
  path: Assets/Sprites/Animations/player
  artifactKey: Guid(dfc69ae90e0b4f047a6621a17657f798) Importer(815301076,1909f56bfc062723c751e8b465ee728b)
Start importing Assets/Sprites/Animations/player using Guid(dfc69ae90e0b4f047a6621a17657f798) Importer(815301076,1909f56bfc062723c751e8b465ee728b)  -> (artifact id: '35f5de7905f7fe6de8fff11410c47bca') in 0.005297 seconds 
========================================================================
Received Import Request.
  Time since last request: 4.167479 seconds.
  path: Assets/Sprites/Animations/NPC
  artifactKey: Guid(27b97ea0dc8fa1b48823784e599dbd19) Importer(815301076,1909f56bfc062723c751e8b465ee728b)
Start importing Assets/Sprites/Animations/NPC using Guid(27b97ea0dc8fa1b48823784e599dbd19) Importer(815301076,1909f56bfc062723c751e8b465ee728b)  -> (artifact id: '6e46d607abe8f0cce4cb17a620c7ef3f') in 0.005017 seconds 
========================================================================
Received Import Request.
  Time since last request: 5.931572 seconds.
  path: Assets/Sprites/UI
  artifactKey: Guid(5166ef0d84825a54184eb235a8697f9b) Importer(815301076,1909f56bfc062723c751e8b465ee728b)
Start importing Assets/Sprites/UI using Guid(5166ef0d84825a54184eb235a8697f9b) Importer(815301076,1909f56bfc062723c751e8b465ee728b)  -> (artifact id: 'e842f69feb177b01cfaaa3b96877f186') in 0.003068 seconds 
